0 info it worked if it ends with ok
1 verbose cli [ 'd:\\WinApps\\nodejs\\\\node.exe',
1 verbose cli   'd:\\WinApps\\nodejs\\node_modules\\npm\\bin\\npm-cli.js',
1 verbose cli   'run',
1 verbose cli   'lite' ]
2 info using npm@3.5.3
3 info using node@v0.12.0
4 verbose run-script [ 'prelite', 'lite', 'postlite' ]
5 info lifecycle angular2-quickstart@1.0.0~prelite: angular2-quickstart@1.0.0
6 silly lifecycle angular2-quickstart@1.0.0~prelite: no script for prelite, continuing
7 info lifecycle angular2-quickstart@1.0.0~lite: angular2-quickstart@1.0.0
8 verbose lifecycle angular2-quickstart@1.0.0~lite: unsafe-perm in lifecycle true
9 verbose lifecycle angular2-quickstart@1.0.0~lite: PATH: d:\WinApps\nodejs\node_modules\npm\bin\node-gyp-bin;d:\dev\angular2-tour-of-heroes\node_modules\.bin;d:\WinApps\nodejs\node_modules\npm\bin\node-gyp-bin;d:\dev\angular2-tour-of-heroes\node_modules\.bin;c:\Users\ttibe\bin;.;C:\Program Files (x86)\Git\local\bin;C:\Program Files (x86)\Git\mingw\bin;C:\Program Files (x86)\Git\bin;d:\WinApps\nodejs\;c:\Users\ttibe\AppData\Roaming\npm\;c:\WINDOWS\system32;c:\WINDOWS;c:\WINDOWS\System32\Wbem;c:\WINDOWS\System32\WindowsPowerShell\v1.0\;c:\Program Files (x86)\Windows Kits\8.1\Windows Performance Toolkit\;c:\Program Files\Microsoft SQL Server\110\Tools\Binn\;c:\Program Files (x86)\Microsoft SDKs\TypeScript\1.0\;c:\Program Files\Microsoft SQL Server\120\Tools\Binn\;c:\Program Files (x86)\Microsoft SDKs\TypeScript\1.4\;C:\Program Files (x86)\Git\cmd;c:\Program Files (x86)\NVIDIA Corporation\PhysX\Common;c:\WINDOWS\system32;c:\WINDOWS;c:\WINDOWS\System32\Wbem;c:\WINDOWS\System32\WindowsPowerShell\v1.0\;c:\Program Files\OpenVPN\bin;c:\Program Files (x86)\Skype\Phone\;c:\Python27\python.exe;c:\Program Files\nodejs\;c:\Ruby22-x64\bin; C;C:\Program Files (x86)\Git\Users\ttibe\AppData\Roaming\npm\node_modules\phantomjs\lib\phantom\phantomjs.exe;c:\Users\ttibe\AppData\Roaming\npm
10 verbose lifecycle angular2-quickstart@1.0.0~lite: CWD: d:\dev\angular2-tour-of-heroes
11 silly lifecycle angular2-quickstart@1.0.0~lite: Args: [ '/d /s /c', 'lite-server' ]
12 silly lifecycle angular2-quickstart@1.0.0~lite: Returned: code: 1  signal: null
13 info lifecycle angular2-quickstart@1.0.0~lite: Failed to exec lite script
14 verbose stack Error: angular2-quickstart@1.0.0 lite: `lite-server`
14 verbose stack Exit status 1
14 verbose stack     at EventEmitter.<anonymous> (d:\WinApps\nodejs\node_modules\npm\lib\utils\lifecycle.js:232:16)
14 verbose stack     at EventEmitter.emit (events.js:110:17)
14 verbose stack     at ChildProcess.<anonymous> (d:\WinApps\nodejs\node_modules\npm\lib\utils\spawn.js:24:14)
14 verbose stack     at ChildProcess.emit (events.js:110:17)
14 verbose stack     at maybeClose (child_process.js:1008:16)
14 verbose stack     at Process.ChildProcess._handle.onexit (child_process.js:1080:5)
15 verbose pkgid angular2-quickstart@1.0.0
16 verbose cwd d:\dev\angular2-tour-of-heroes
17 error Windows_NT 6.3.9600
18 error argv "d:\\WinApps\\nodejs\\\\node.exe" "d:\\WinApps\\nodejs\\node_modules\\npm\\bin\\npm-cli.js" "run" "lite"
19 error node v0.12.0
20 error npm  v3.5.3
21 error code ELIFECYCLE
22 error angular2-quickstart@1.0.0 lite: `lite-server`
22 error Exit status 1
23 error Failed at the angular2-quickstart@1.0.0 lite script 'lite-server'.
23 error Make sure you have the latest version of node.js and npm installed.
23 error If you do, this is most likely a problem with the angular2-quickstart package,
23 error not with npm itself.
23 error Tell the author that this fails on your system:
23 error     lite-server
23 error You can get information on how to open an issue for this project with:
23 error     npm bugs angular2-quickstart
23 error Or if that isn't available, you can get their info via:
23 error     npm owner ls angular2-quickstart
23 error There is likely additional logging output above.
24 verbose exit [ 1, true ]
